<?xml version="1.0" encoding="UTF-8" ?>
<testsuite tests="4" failures="3" name="TestSuite" time="144.38" errors="0" skipped="0">
  <properties>
[...]
</properties>
  <testcase classname="com.cisco.citeis.scripts.VerifyAppFlow" name="validateAppFlow" time="56.57"/>
  <testcase classname="com.cisco.citeis.scripts.VerifyAppFlow" name="validateAppFlow" time="5.112">
    <failure message="&apos;fcs-test-qa1&apos; Application not present" type="java.lang.AssertionError">java.lang.AssertionError: &apos;fcs-test-qa1&apos; Application not present
	at org.testng.Assert.fail(Assert.java:94)
	at com.cisco.citeis.pages.MyApplicationsPage.validateAppFlow(MyApplicationsPage.java:122)
	at com.cisco.citeis.scripts.VerifyAppFlow.validateAppFlow(VerifyAppFlow.java:33)
</failure>
  </testcase>
  <testcase classname="com.cisco.citeis.scripts.VerifyAppFlow" name="validateAppFlow" time="36.432">
    <failure message="&apos;fcs-test1&apos; Profile not present" type="java.lang.AssertionError">java.lang.AssertionError: &apos;fcs-test1&apos; Profile not present
	at org.testng.Assert.fail(Assert.java:94)
	at com.cisco.citeis.pages.MyApplicationsPage.validateAppFlow(MyApplicationsPage.java:126)
	at com.cisco.citeis.scripts.VerifyAppFlow.validateAppFlow(VerifyAppFlow.java:33)
</failure>
  </testcase>
  <testcase classname="com.cisco.citeis.scripts.VerifyAppFlow" name="validateAppFlow" time="40.759">
    <failure message="&apos;stage-epg-wo1&apos; EPG not present" type="java.lang.AssertionError">java.lang.AssertionError: &apos;stage-epg-wo1&apos; EPG not present
	at org.testng.Assert.fail(Assert.java:94)
	at com.cisco.citeis.pages.MyApplicationsPage.validateEPGDisplayed(MyApplicationsPage.java:144)
	at com.cisco.citeis.pages.MyApplicationsPage.validateAppFlow(MyApplicationsPage.java:86)
	at com.cisco.citeis.scripts.VerifyAppFlow.validateAppFlow(VerifyAppFlow.java:33)
</failure>
  </testcase>
</testsuite>