<?xml version="1.0" encoding="UTF-8"?>
<!-- Generated by org.testng.reporters.JUnitXMLReporter -->
<testsuite hostname="MAJAMPAN-WS01" name="Application Flow" tests="4" failures="3" timestamp="1 Feb 2016 05:13:43 GMT" time="144.065" errors="0">
  <testcase name="validateAppFlow" time="56.57" classname="com.cisco.citeis.scripts.VerifyAppFlow"/>
  <testcase name="validateAppFlow" time="5.11" classname="com.cisco.citeis.scripts.VerifyAppFlow">
    <failure type="java.lang.AssertionError" message="&amp;apos;fcs-test-qa1&amp;apos; Application not present">
      <![CDATA[java.lang.AssertionError: 'fcs-test-qa1' Application not present
	at com.cisco.citeis.pages.MyApplicationsPage.validateAppFlow(MyApplicationsPage.java:122)
	at com.cisco.citeis.scripts.VerifyAppFlow.validateAppFlow(VerifyAppFlow.java:33)
	at com.sun.proxy.$Proxy0.invoke(Unknown Source)
... Removed 33 stack frames]]>
    </failure>
  </testcase> <!-- validateAppFlow -->
  <testcase name="validateAppFlow" time="36.432" classname="com.cisco.citeis.scripts.VerifyAppFlow">
    <failure type="java.lang.AssertionError" message="&amp;apos;fcs-test1&amp;apos; Profile not present">
      <![CDATA[java.lang.AssertionError: 'fcs-test1' Profile not present
	at com.cisco.citeis.pages.MyApplicationsPage.validateAppFlow(MyApplicationsPage.java:126)
	at com.cisco.citeis.scripts.VerifyAppFlow.validateAppFlow(VerifyAppFlow.java:33)
	at com.sun.proxy.$Proxy0.invoke(Unknown Source)
... Removed 33 stack frames]]>
    </failure>
  </testcase> <!-- validateAppFlow -->
  <testcase name="validateAppFlow" time="40.759" classname="com.cisco.citeis.scripts.VerifyAppFlow">
    <failure type="java.lang.AssertionError" message="&amp;apos;stage-epg-wo1&amp;apos; EPG not present">
      <![CDATA[java.lang.AssertionError: 'stage-epg-wo1' EPG not present
	at com.cisco.citeis.pages.MyApplicationsPage.validateEPGDisplayed(MyApplicationsPage.java:144)
	at com.cisco.citeis.pages.MyApplicationsPage.validateAppFlow(MyApplicationsPage.java:86)
	at com.cisco.citeis.scripts.VerifyAppFlow.validateAppFlow(VerifyAppFlow.java:33)
	at com.sun.proxy.$Proxy0.invoke(Unknown Source)
... Removed 33 stack frames]]>
    </failure>
  </testcase> <!-- validateAppFlow -->
</testsuite> <!-- Application Flow -->
